{"/Applications/XAMPP/xamppfiles/htdocs/mysql-import/mysql-import.js":{"path":"/Applications/XAMPP/xamppfiles/htdocs/mysql-import/mysql-import.js","s":{"1":1,"2":1,"3":1,"4":1,"5":0,"6":0,"7":0,"8":0,"9":0,"10":0,"11":0,"12":0,"13":0,"14":0,"15":0,"16":0,"17":1,"18":1,"19":1,"20":1,"21":0,"22":0,"23":1,"24":1,"25":0,"26":1,"27":1,"28":1,"29":1,"30":0,"31":0,"32":0,"33":0,"34":0,"35":0,"36":1,"37":0,"38":0,"39":0,"40":0,"41":0,"42":0,"43":0,"44":0,"45":0,"46":0,"47":0,"48":0,"49":0,"50":0,"51":0,"52":0,"53":0,"54":0,"55":0,"56":0,"57":0,"58":0,"59":0,"60":0,"61":0,"62":0,"63":0,"64":0,"65":0,"66":0,"67":0,"68":0,"69":0,"70":0,"71":0,"72":0,"73":0,"74":0,"75":0,"76":0,"77":0,"78":0},"b":{"1":[0,0],"2":[1,1,1,1,1,1,1,1],"3":[0,1],"4":[1,1],"5":[0,1],"6":[0,0],"7":[0,0],"8":[0,0],"9":[0,0],"10":[0,0],"11":[0,0,0],"12":[0,0],"13":[0,0],"14":[0,0],"15":[0,0],"16":[0,0],"17":[0,0],"18":[0,0],"19":[0,0],"20":[0,0,0],"21":[0,0],"22":[0,0],"23":[0,0]},"f":{"1":1,"2":0,"3":1,"4":0,"5":0},"fnMap":{"1":{"name":"(anonymous_1)","line":15,"loc":{"start":{"line":15,"column":12},"end":{"line":15,"column":31}}},"2":{"name":"(anonymous_2)","line":19,"loc":{"start":{"line":19,"column":7},"end":{"line":19,"column":17}}},"3":{"name":"(anonymous_3)","line":42,"loc":{"start":{"line":42,"column":18},"end":{"line":42,"column":36}}},"4":{"name":"slowLoop","line":78,"loc":{"start":{"line":78,"column":0},"end":{"line":78,"column":35}}},"5":{"name":"parseQueries","line":92,"loc":{"start":{"line":92,"column":0},"end":{"line":92,"column":37}}}},"statementMap":{"1":{"start":{"line":11,"column":0},"end":{"line":11,"column":31}},"2":{"start":{"line":12,"column":0},"end":{"line":12,"column":25}},"3":{"start":{"line":16,"column":2},"end":{"line":16,"column":19}},"4":{"start":{"line":17,"column":2},"end":{"line":17,"column":33}},"5":{"start":{"line":20,"column":2},"end":{"line":38,"column":5}},"6":{"start":{"line":21,"column":3},"end":{"line":21,"column":57}},"7":{"start":{"line":22,"column":3},"end":{"line":22,"column":45}},"8":{"start":{"line":23,"column":3},"end":{"line":37,"column":6}},"9":{"start":{"line":24,"column":4},"end":{"line":33,"column":5}},"10":{"start":{"line":25,"column":5},"end":{"line":29,"column":8}},"11":{"start":{"line":27,"column":6},"end":{"line":28,"column":15},"skip":true},"12":{"start":{"line":27,"column":15},"end":{"line":27,"column":37},"skip":true},"13":{"start":{"line":28,"column":11},"end":{"line":28,"column":15},"skip":true},"14":{"start":{"line":32,"column":5},"end":{"line":32,"column":25},"skip":true},"15":{"start":{"line":35,"column":4},"end":{"line":35,"column":20}},"16":{"start":{"line":36,"column":4},"end":{"line":36,"column":11}},"17":{"start":{"line":41,"column":0},"end":{"line":41,"column":28}},"18":{"start":{"line":42,"column":0},"end":{"line":61,"column":2}},"19":{"start":{"line":43,"column":1},"end":{"line":46,"column":79}},"20":{"start":{"line":49,"column":1},"end":{"line":51,"column":2},"skip":true},"21":{"start":{"line":50,"column":2},"end":{"line":50,"column":40},"skip":true},"22":{"start":{"line":50,"column":28},"end":{"line":50,"column":38},"skip":true},"23":{"start":{"line":53,"column":1},"end":{"line":53,"column":36}},"24":{"start":{"line":56,"column":1},"end":{"line":56,"column":103},"skip":true},"25":{"start":{"line":56,"column":12},"end":{"line":56,"column":103},"skip":true},"26":{"start":{"line":58,"column":1},"end":{"line":58,"column":45}},"27":{"start":{"line":60,"column":1},"end":{"line":60,"column":40}},"28":{"start":{"line":63,"column":0},"end":{"line":63,"column":26}},"29":{"start":{"line":78,"column":0},"end":{"line":85,"column":1}},"30":{"start":{"line":79,"column":1},"end":{"line":84,"column":4}},"31":{"start":{"line":80,"column":2},"end":{"line":80,"column":31}},"32":{"start":{"line":81,"column":2},"end":{"line":81,"column":30}},"33":{"start":{"line":82,"column":2},"end":{"line":82,"column":82}},"34":{"start":{"line":82,"column":34},"end":{"line":82,"column":74}},"35":{"start":{"line":83,"column":2},"end":{"line":83,"column":32}},"36":{"start":{"line":92,"column":0},"end":{"line":135,"column":1}},"37":{"start":{"line":93,"column":1},"end":{"line":93,"column":36}},"38":{"start":{"line":94,"column":1},"end":{"line":94,"column":23}},"39":{"start":{"line":95,"column":1},"end":{"line":95,"column":18}},"40":{"start":{"line":96,"column":1},"end":{"line":96,"column":17}},"41":{"start":{"line":97,"column":1},"end":{"line":97,"column":21}},"42":{"start":{"line":98,"column":1},"end":{"line":98,"column":20}},"43":{"start":{"line":99,"column":1},"end":{"line":99,"column":21}},"44":{"start":{"line":100,"column":1},"end":{"line":118,"column":2}},"45":{"start":{"line":101,"column":2},"end":{"line":101,"column":30}},"46":{"start":{"line":102,"column":2},"end":{"line":102,"column":65}},"47":{"start":{"line":103,"column":2},"end":{"line":103,"column":20}},"48":{"start":{"line":104,"column":2},"end":{"line":105,"column":23}},"49":{"start":{"line":104,"column":25},"end":{"line":104,"column":44}},"50":{"start":{"line":105,"column":7},"end":{"line":105,"column":23}},"51":{"start":{"line":106,"column":2},"end":{"line":106,"column":57}},"52":{"start":{"line":107,"column":2},"end":{"line":108,"column":51}},"53":{"start":{"line":107,"column":36},"end":{"line":107,"column":54}},"54":{"start":{"line":108,"column":7},"end":{"line":108,"column":51}},"55":{"start":{"line":108,"column":34},"end":{"line":108,"column":51}},"56":{"start":{"line":109,"column":2},"end":{"line":109,"column":62}},"57":{"start":{"line":109,"column":15},"end":{"line":109,"column":62}},"58":{"start":{"line":110,"column":2},"end":{"line":110,"column":16}},"59":{"start":{"line":111,"column":2},"end":{"line":111,"column":47}},"60":{"start":{"line":112,"column":2},"end":{"line":117,"column":3}},"61":{"start":{"line":113,"column":3},"end":{"line":113,"column":33}},"62":{"start":{"line":114,"column":3},"end":{"line":114,"column":15}},"63":{"start":{"line":115,"column":3},"end":{"line":115,"column":19}},"64":{"start":{"line":116,"column":3},"end":{"line":116,"column":22}},"65":{"start":{"line":120,"column":1},"end":{"line":132,"column":2},"skip":true},"66":{"start":{"line":121,"column":2},"end":{"line":121,"column":31},"skip":true},"67":{"start":{"line":122,"column":2},"end":{"line":122,"column":55},"skip":true},"68":{"start":{"line":123,"column":2},"end":{"line":123,"column":62},"skip":true},"69":{"start":{"line":124,"column":2},"end":{"line":124,"column":40},"skip":true},"70":{"start":{"line":125,"column":2},"end":{"line":131,"column":3},"skip":true},"71":{"start":{"line":126,"column":3},"end":{"line":126,"column":40},"skip":true},"72":{"start":{"line":127,"column":3},"end":{"line":127,"column":34},"skip":true},"73":{"start":{"line":128,"column":3},"end":{"line":128,"column":33},"skip":true},"74":{"start":{"line":129,"column":3},"end":{"line":129,"column":15},"skip":true},"75":{"start":{"line":130,"column":3},"end":{"line":130,"column":39},"skip":true},"76":{"start":{"line":133,"column":1},"end":{"line":133,"column":50}},"77":{"start":{"line":133,"column":20},"end":{"line":133,"column":50}},"78":{"start":{"line":134,"column":1},"end":{"line":134,"column":16}}},"branchMap":{"1":{"line":27,"type":"if","locations":[{"start":{"line":27,"column":6},"end":{"line":27,"column":6},"skip":true},{"start":{"line":27,"column":6},"end":{"line":27,"column":6},"skip":true}]},"2":{"line":43,"type":"binary-expr","locations":[{"start":{"line":43,"column":15},"end":{"line":43,"column":46}},{"start":{"line":43,"column":50},"end":{"line":43,"column":83}},{"start":{"line":44,"column":2},"end":{"line":44,"column":33}},{"start":{"line":44,"column":37},"end":{"line":44,"column":70}},{"start":{"line":45,"column":2},"end":{"line":45,"column":37}},{"start":{"line":45,"column":41},"end":{"line":45,"column":78}},{"start":{"line":46,"column":2},"end":{"line":46,"column":37}},{"start":{"line":46,"column":41},"end":{"line":46,"column":78}}]},"3":{"line":49,"type":"if","locations":[{"start":{"line":49,"column":1},"end":{"line":49,"column":1},"skip":true},{"start":{"line":49,"column":1},"end":{"line":49,"column":1},"skip":true}]},"4":{"line":49,"type":"binary-expr","locations":[{"start":{"line":49,"column":4},"end":{"line":49,"column":39},"skip":true},{"start":{"line":49,"column":43},"end":{"line":49,"column":81},"skip":true}]},"5":{"line":56,"type":"if","locations":[{"start":{"line":56,"column":1},"end":{"line":56,"column":1},"skip":true},{"start":{"line":56,"column":1},"end":{"line":56,"column":1},"skip":true}]},"6":{"line":80,"type":"binary-expr","locations":[{"start":{"line":80,"column":13},"end":{"line":80,"column":25}},{"start":{"line":80,"column":29},"end":{"line":80,"column":30}}]},"7":{"line":81,"type":"binary-expr","locations":[{"start":{"line":81,"column":12},"end":{"line":81,"column":24}},{"start":{"line":81,"column":28},"end":{"line":81,"column":29}}]},"8":{"line":82,"type":"cond-expr","locations":[{"start":{"line":82,"column":28},"end":{"line":82,"column":74}},{"start":{"line":82,"column":77},"end":{"line":82,"column":81}}]},"9":{"line":102,"type":"cond-expr","locations":[{"start":{"line":102,"column":34},"end":{"line":102,"column":59}},{"start":{"line":102,"column":62},"end":{"line":102,"column":64}}]},"10":{"line":104,"type":"if","locations":[{"start":{"line":104,"column":2},"end":{"line":104,"column":2}},{"start":{"line":104,"column":2},"end":{"line":104,"column":2}}]},"11":{"line":106,"type":"binary-expr","locations":[{"start":{"line":106,"column":17},"end":{"line":106,"column":28}},{"start":{"line":106,"column":32},"end":{"line":106,"column":43}},{"start":{"line":106,"column":48},"end":{"line":106,"column":56}}]},"12":{"line":107,"type":"if","locations":[{"start":{"line":107,"column":2},"end":{"line":107,"column":2}},{"start":{"line":107,"column":2},"end":{"line":107,"column":2}}]},"13":{"line":107,"type":"binary-expr","locations":[{"start":{"line":107,"column":6},"end":{"line":107,"column":13}},{"start":{"line":107,"column":17},"end":{"line":107,"column":34}}]},"14":{"line":108,"type":"if","locations":[{"start":{"line":108,"column":7},"end":{"line":108,"column":7}},{"start":{"line":108,"column":7},"end":{"line":108,"column":7}}]},"15":{"line":108,"type":"binary-expr","locations":[{"start":{"line":108,"column":11},"end":{"line":108,"column":18}},{"start":{"line":108,"column":22},"end":{"line":108,"column":32}}]},"16":{"line":109,"type":"if","locations":[{"start":{"line":109,"column":2},"end":{"line":109,"column":2}},{"start":{"line":109,"column":2},"end":{"line":109,"column":2}}]},"17":{"line":109,"type":"binary-expr","locations":[{"start":{"line":109,"column":32},"end":{"line":109,"column":46}},{"start":{"line":109,"column":50},"end":{"line":109,"column":61}}]},"18":{"line":111,"type":"binary-expr","locations":[{"start":{"line":111,"column":18},"end":{"line":111,"column":30}},{"start":{"line":111,"column":34},"end":{"line":111,"column":46}}]},"19":{"line":112,"type":"if","locations":[{"start":{"line":112,"column":2},"end":{"line":112,"column":2}},{"start":{"line":112,"column":2},"end":{"line":112,"column":2}}]},"20":{"line":112,"type":"binary-expr","locations":[{"start":{"line":112,"column":6},"end":{"line":112,"column":22}},{"start":{"line":112,"column":26},"end":{"line":112,"column":35}},{"start":{"line":112,"column":39},"end":{"line":112,"column":57}}]},"21":{"line":120,"type":"if","locations":[{"start":{"line":120,"column":1},"end":{"line":120,"column":1},"skip":true},{"start":{"line":120,"column":1},"end":{"line":120,"column":1},"skip":true}]},"22":{"line":125,"type":"if","locations":[{"start":{"line":125,"column":2},"end":{"line":125,"column":2},"skip":true},{"start":{"line":125,"column":2},"end":{"line":125,"column":2},"skip":true}]},"23":{"line":133,"type":"if","locations":[{"start":{"line":133,"column":1},"end":{"line":133,"column":1}},{"start":{"line":133,"column":1},"end":{"line":133,"column":1}}]}}}}