TN:
SF:/Applications/XAMPP/xamppfiles/htdocs/mysql-import/mysql-import.js
FN:15,(anonymous_1)
FN:19,(anonymous_2)
FN:42,(anonymous_3)
FN:78,slowLoop
FN:92,parseQueries
FNF:5
FNH:2
FNDA:1,(anonymous_1)
FNDA:0,(anonymous_2)
FNDA:1,(anonymous_3)
FNDA:0,slowLoop
FNDA:0,parseQueries
DA:11,1
DA:12,1
DA:16,1
DA:17,1
DA:20,0
DA:21,0
DA:22,0
DA:23,0
DA:24,0
DA:25,0
DA:27,1
DA:28,1
DA:32,1
DA:35,0
DA:36,0
DA:41,1
DA:42,1
DA:43,1
DA:49,1
DA:50,1
DA:53,1
DA:56,1
DA:58,1
DA:60,1
DA:63,1
DA:78,1
DA:79,0
DA:80,0
DA:81,0
DA:82,0
DA:83,0
DA:92,1
DA:93,0
DA:94,0
DA:95,0
DA:96,0
DA:97,0
DA:98,0
DA:99,0
DA:100,0
DA:101,0
DA:102,0
DA:103,0
DA:104,0
DA:105,0
DA:106,0
DA:107,0
DA:108,0
DA:109,0
DA:110,0
DA:111,0
DA:112,0
DA:113,0
DA:114,0
DA:115,0
DA:116,0
DA:120,1
DA:121,1
DA:122,1
DA:123,1
DA:124,1
DA:125,1
DA:126,1
DA:127,1
DA:128,1
DA:129,1
DA:130,1
DA:133,0
DA:134,0
LF:69
LH:30
BRDA:27,1,0,0
BRDA:27,1,1,0
BRDA:43,2,0,1
BRDA:43,2,1,1
BRDA:43,2,2,1
BRDA:43,2,3,1
BRDA:43,2,4,1
BRDA:43,2,5,1
BRDA:43,2,6,1
BRDA:43,2,7,1
BRDA:49,3,0,0
BRDA:49,3,1,1
BRDA:49,4,0,1
BRDA:49,4,1,1
BRDA:56,5,0,0
BRDA:56,5,1,1
BRDA:80,6,0,0
BRDA:80,6,1,0
BRDA:81,7,0,0
BRDA:81,7,1,0
BRDA:82,8,0,0
BRDA:82,8,1,0
BRDA:102,9,0,0
BRDA:102,9,1,0
BRDA:104,10,0,0
BRDA:104,10,1,0
BRDA:106,11,0,0
BRDA:106,11,1,0
BRDA:106,11,2,0
BRDA:107,12,0,0
BRDA:107,12,1,0
BRDA:107,13,0,0
BRDA:107,13,1,0
BRDA:108,14,0,0
BRDA:108,14,1,0
BRDA:108,15,0,0
BRDA:108,15,1,0
BRDA:109,16,0,0
BRDA:109,16,1,0
BRDA:109,17,0,0
BRDA:109,17,1,0
BRDA:111,18,0,0
BRDA:111,18,1,0
BRDA:112,19,0,0
BRDA:112,19,1,0
BRDA:112,20,0,0
BRDA:112,20,1,0
BRDA:112,20,2,0
BRDA:120,21,0,0
BRDA:120,21,1,0
BRDA:125,22,0,0
BRDA:125,22,1,0
BRDA:133,23,0,0
BRDA:133,23,1,0
BRF:54
BRH:20
end_of_record
